<?xml version="1.0" encoding="UTF-8"?>
<coverage generated="1781112370612" clover="3.2.0">
  <project timestamp="1781112370613" name="All files">
    <metrics statements="20" coveredstatements="19" conditionals="20" coveredconditionals="19" methods="1" coveredmethods="1" elements="41" coveredelements="39" complexity="0" loc="20" ncloc="20" packages="1" files="1" classes="1"/>
    <file name="registroRecepcion.js" path="C:\Users\welvi\Desktop\Hoteleria-Posada-El-Recuerdo\src\test\registroRecepcion.js">
      <metrics statements="20" coveredstatements="19" conditionals="20" coveredconditionals="19" methods="1" coveredmethods="1"/>
      <line num="10" count="6" type="stmt"/>
      <line num="13" count="6" type="cond" truecount="2" falsecount="0"/>
      <line num="22" count="1" type="stmt"/>
      <line num="30" count="5" type="stmt"/>
      <line num="31" count="5" type="stmt"/>
      <line num="33" count="5" type="cond" truecount="2" falsecount="0"/>
      <line num="35" count="1" type="stmt"/>
      <line num="44" count="4" type="stmt"/>
      <line num="46" count="4" type="cond" truecount="2" falsecount="0"/>
      <line num="48" count="1" type="stmt"/>
      <line num="56" count="3" type="cond" truecount="2" falsecount="0"/>
      <line num="61" count="1" type="stmt"/>
      <line num="69" count="2" type="stmt"/>
      <line num="75" count="2" type="cond" truecount="2" falsecount="0"/>
      <line num="77" count="1" type="stmt"/>
      <line num="85" count="1" type="stmt"/>
      <line num="91" count="1" type="cond" truecount="1" falsecount="1"/>
      <line num="93" count="0" type="stmt"/>
      <line num="100" count="1" type="stmt"/>
      <line num="106" count="1" type="stmt"/>
    </file>
  </project>
</coverage>
