{"C:\\Users\\welvi\\Desktop\\Hoteleria-Posada-El-Recuerdo\\src\\test\\registroRecepcion.js": {"path":"C:\\Users\\welvi\\Desktop\\Hoteleria-Posada-El-Recuerdo\\src\\test\\registroRecepcion.js","statementMap":{"0":{"start":{"line":10,"column":8},"end":{"line":10,"column":17}},"1":{"start":{"line":13,"column":4},"end":{"line":27,"column":5}},"2":{"start":{"line":22,"column":8},"end":{"line":25,"column":10}},"3":{"start":{"line":30,"column":20},"end":{"line":30,"column":43}},"4":{"start":{"line":31,"column":19},"end":{"line":31,"column":41}},"5":{"start":{"line":33,"column":4},"end":{"line":40,"column":5}},"6":{"start":{"line":35,"column":8},"end":{"line":38,"column":10}},"7":{"start":{"line":44,"column":8},"end":{"line":44,"column":35}},"8":{"start":{"line":46,"column":4},"end":{"line":53,"column":5}},"9":{"start":{"line":48,"column":8},"end":{"line":51,"column":10}},"10":{"start":{"line":56,"column":4},"end":{"line":66,"column":5}},"11":{"start":{"line":61,"column":8},"end":{"line":64,"column":10}},"12":{"start":{"line":69,"column":27},"end":{"line":73,"column":5}},"13":{"start":{"line":75,"column":4},"end":{"line":82,"column":5}},"14":{"start":{"line":77,"column":8},"end":{"line":80,"column":10}},"15":{"start":{"line":85,"column":27},"end":{"line":89,"column":5}},"16":{"start":{"line":91,"column":4},"end":{"line":98,"column":5}},"17":{"start":{"line":93,"column":8},"end":{"line":96,"column":10}},"18":{"start":{"line":100,"column":4},"end":{"line":102,"column":6}},"19":{"start":{"line":106,"column":0},"end":{"line":106,"column":35}}},"fnMap":{"0":{"name":"registroRecepcion","decl":{"start":{"line":1,"column":9},"end":{"line":1,"column":26}},"loc":{"start":{"line":1,"column":38},"end":{"line":104,"column":1}},"line":1}},"branchMap":{"0":{"loc":{"start":{"line":13,"column":4},"end":{"line":27,"column":5}},"type":"if","locations":[{"start":{"line":13,"column":4},"end":{"line":27,"column":5}},{"start":{},"end":{}}],"line":13},"1":{"loc":{"start":{"line":14,"column":8},"end":{"line":19,"column":15}},"type":"binary-expr","locations":[{"start":{"line":14,"column":8},"end":{"line":14,"column":22}},{"start":{"line":15,"column":8},"end":{"line":15,"column":21}},{"start":{"line":16,"column":8},"end":{"line":16,"column":16}},{"start":{"line":17,"column":8},"end":{"line":17,"column":19}},{"start":{"line":18,"column":8},"end":{"line":18,"column":20}},{"start":{"line":19,"column":8},"end":{"line":19,"column":15}}],"line":14},"2":{"loc":{"start":{"line":33,"column":4},"end":{"line":40,"column":5}},"type":"if","locations":[{"start":{"line":33,"column":4},"end":{"line":40,"column":5}},{"start":{},"end":{}}],"line":33},"3":{"loc":{"start":{"line":46,"column":4},"end":{"line":53,"column":5}},"type":"if","locations":[{"start":{"line":46,"column":4},"end":{"line":53,"column":5}},{"start":{},"end":{}}],"line":46},"4":{"loc":{"start":{"line":56,"column":4},"end":{"line":66,"column":5}},"type":"if","locations":[{"start":{"line":56,"column":4},"end":{"line":66,"column":5}},{"start":{},"end":{}}],"line":56},"5":{"loc":{"start":{"line":57,"column":8},"end":{"line":58,"column":31}},"type":"binary-expr","locations":[{"start":{"line":57,"column":8},"end":{"line":57,"column":25}},{"start":{"line":58,"column":8},"end":{"line":58,"column":31}}],"line":57},"6":{"loc":{"start":{"line":75,"column":4},"end":{"line":82,"column":5}},"type":"if","locations":[{"start":{"line":75,"column":4},"end":{"line":82,"column":5}},{"start":{},"end":{}}],"line":75},"7":{"loc":{"start":{"line":91,"column":4},"end":{"line":98,"column":5}},"type":"if","locations":[{"start":{"line":91,"column":4},"end":{"line":98,"column":5}},{"start":{},"end":{}}],"line":91}},"s":{"0":6,"1":6,"2":1,"3":5,"4":5,"5":5,"6":1,"7":4,"8":4,"9":1,"10":3,"11":1,"12":2,"13":2,"14":1,"15":1,"16":1,"17":0,"18":1,"19":1},"f":{"0":6},"b":{"0":[1,5],"1":[6,5,5,5,5,5],"2":[1,4],"3":[1,3],"4":[1,2],"5":[3,2],"6":[1,1],"7":[0,1]},"_coverageSchema":"1a1c01bbd47fc00a2c39e90264f33305004495a9","hash":"b05cd0269f257e764b3a8064d4b75260b2b05866"}
}
