TN:
SF:src\test\registroHuesped.js
FN:1,registroHuesped
FNF:1
FNH:1
FNDA:5,registroHuesped
DA:2,5
DA:5,5
DA:6,1
DA:10,4
DA:12,4
DA:13,1
DA:17,3
DA:18,0
DA:22,3
DA:24,3
DA:25,0
DA:29,3
DA:31,3
DA:32,1
DA:36,2
DA:38,2
DA:39,1
DA:43,1
DA:44,0
DA:47,1
DA:50,1
LF:21
LH:18
BRDA:5,0,0,1
BRDA:5,0,1,4
BRDA:5,1,0,5
BRDA:5,1,1,4
BRDA:5,1,2,4
BRDA:5,1,3,4
BRDA:5,1,4,4
BRDA:5,1,5,4
BRDA:12,2,0,1
BRDA:12,2,1,3
BRDA:17,3,0,0
BRDA:17,3,1,3
BRDA:24,4,0,0
BRDA:24,4,1,3
BRDA:31,5,0,1
BRDA:31,5,1,2
BRDA:38,6,0,1
BRDA:38,6,1,1
BRDA:43,7,0,0
BRDA:43,7,1,1
BRDA:43,8,0,1
BRDA:43,8,1,1
BRF:22
BRH:19
end_of_record
