TN:
SF:src\test\registroRecepcion.js
FN:1,registroRecepcion
FNF:1
FNH:1
FNDA:6,registroRecepcion
DA:10,6
DA:13,6
DA:22,1
DA:30,5
DA:31,5
DA:33,5
DA:35,1
DA:44,4
DA:46,4
DA:48,1
DA:56,3
DA:61,1
DA:69,2
DA:75,2
DA:77,1
DA:85,1
DA:91,1
DA:93,0
DA:100,1
DA:106,1
LF:20
LH:19
BRDA:13,0,0,1
BRDA:13,0,1,5
BRDA:14,1,0,6
BRDA:14,1,1,5
BRDA:14,1,2,5
BRDA:14,1,3,5
BRDA:14,1,4,5
BRDA:14,1,5,5
BRDA:33,2,0,1
BRDA:33,2,1,4
BRDA:46,3,0,1
BRDA:46,3,1,3
BRDA:56,4,0,1
BRDA:56,4,1,2
BRDA:57,5,0,3
BRDA:57,5,1,2
BRDA:75,6,0,1
BRDA:75,6,1,1
BRDA:91,7,0,0
BRDA:91,7,1,1
BRF:20
BRH:19
end_of_record
